2023-juil.-25 12:32:40 PM ID: User: Method: Path: [restartedMain] INFO  f.i.s.d.DatacollectionManagementApplication - Starting DatacollectionManagementApplication using Java 17 on P100058596 with PID 24752 (C:\Users\EWSYP6\Documents\GitProjects\GitHub\Platine-Management-Back-Office\target\classes started by EWSYP6 in C:\Users\EWSYP6\Documents\GitProjects\GitHub\Platine-Management-Back-Office)
2023-juil.-25 12:32:40 PM ID: User: Method: Path: [restartedMain] INFO  f.i.s.d.DatacollectionManagementApplication - No active profile set, falling back to 1 default profile: "default"
2023-juil.-25 12:32:41 PM ID: User: Method: Path: [restartedMain] INFO  o.s.b.d.e.DevToolsPropertyDefaultsPostProcessor - Devtools property defaults active! Set 'spring.devtools.add-properties' to 'false' to disable
2023-juil.-25 12:32:41 PM ID: User: Method: Path: [restartedMain] INFO  o.s.b.d.e.DevToolsPropertyDefaultsPostProcessor - For additional web related logging consider setting the 'logging.level.web' property to 'DEBUG'
2023-juil.-25 12:32:51 PM ID: User: Method: Path: [restartedMain] INFO  o.s.d.r.c.RepositoryConfigurationDelegate - Bootstrapping Spring Data JPA repositories in DEFAULT mode.
2023-juil.-25 12:32:52 PM ID: User: Method: Path: [restartedMain] INFO  o.s.d.r.c.RepositoryConfigurationDelegate - Finished Spring Data repository scanning in 1526 ms. Found 23 JPA repository interfaces.
2023-juil.-25 12:32:59 PM ID: User: Method: Path: [restartedMain] INFO  o.s.b.w.e.tomcat.TomcatWebServer - Tomcat initialized with port(s): 8080 (http)
2023-juil.-25 12:32:59 PM ID: User: Method: Path: [restartedMain] INFO  o.a.catalina.core.StandardService - Starting service [Tomcat]
2023-juil.-25 12:32:59 PM ID: User: Method: Path: [restartedMain] INFO  o.a.catalina.core.StandardEngine - Starting Servlet engine: [Apache Tomcat/9.0.76]
2023-juil.-25 12:33:00 PM ID: User: Method: Path: [restartedMain] INFO  o.a.c.c.C.[Tomcat].[localhost].[/] - Initializing Spring embedded WebApplicationContext
2023-juil.-25 12:33:00 PM ID: User: Method: Path: [restartedMain] INFO  o.s.b.w.s.c.ServletWebServerApplicationContext - Root WebApplicationContext: initialization completed in 18802 ms
2023-juil.-25 12:33:04 PM ID: User: Method: Path: [restartedMain] INFO  o.h.jpa.internal.util.LogHelper - HHH000204: Processing PersistenceUnitInfo [name: default]
2023-juil.-25 12:33:04 PM ID: User: Method: Path: [restartedMain] INFO  org.hibernate.Version - HHH000412: Hibernate ORM core version 5.6.15.Final
2023-juil.-25 12:33:06 PM ID: User: Method: Path: [restartedMain] INFO  o.h.annotations.common.Version - HCANN000001: Hibernate Commons Annotations {5.1.2.Final}
2023-juil.-25 12:33:06 PM ID: User: Method: Path: [restartedMain] INFO  com.zaxxer.hikari.HikariDataSource - HikariPool-1 - Starting...
2023-juil.-25 12:33:08 PM ID: User: Method: Path: [restartedMain] INFO  com.zaxxer.hikari.HikariDataSource - HikariPool-1 - Start completed.
2023-juil.-25 12:33:08 PM ID: User: Method: Path: [restartedMain] INFO  org.hibernate.dialect.Dialect - HHH000400: Using dialect: org.hibernate.dialect.PostgreSQLDialect
2023-juil.-25 12:33:11 PM ID: User: Method: Path: [restartedMain] WARN  Hibernate Types - You should use Hypersistence Optimizer to speed up your Hibernate application!
2023-juil.-25 12:33:11 PM ID: User: Method: Path: [restartedMain] WARN  Hibernate Types - For more details, go to https://vladmihalcea.com/hypersistence-optimizer/
2023-juil.-25 12:33:11 PM ID: User: Method: Path: [restartedMain] INFO  Hibernate Types - 
 _    _                           _     _
| |  | |                         (_)   | |
| |__| |_   _ _ __   ___ _ __ ___ _ ___| |_ ___ _ __   ___ ___
|  __  | | | | '_ \ / _ \ '__/ __| / __| __/ _ \ '_ \ / __/ _ \
| |  | | |_| | |_) |  __/ |  \__ \ \__ \ ||  __/ | | | (_|  __/
|_|  |_|\__, | .__/ \___|_|  |___/_|___/\__\___|_| |_|\___\___|
         __/ | |
        |___/|_|

           ____        _   _           _
          / __ \      | | (_)         (_)
         | |  | |_ __ | |_ _ _ __ ___  _ _______ _ __
         | |  | | '_ \| __| | '_ ` _ \| |_  / _ \ '__|
         | |__| | |_) | |_| | | | | | | |/ /  __/ |
          \____/| .__/ \__|_|_| |_| |_|_/___\___|_|
                | |
                |_|

2023-juil.-25 12:33:11 PM ID: User: Method: Path: [restartedMain] INFO  Hibernate Types - Check out the README page for more info about the Hypersistence Optimizer banner https://github.com/vladmihalcea/hibernate-types#how-to-remove-the-hypersistence-optimizer-banner-from-the-log
2023-juil.-25 12:33:19 PM ID: User: Method: Path: [restartedMain] INFO  o.h.e.t.j.p.i.JtaPlatformInitiator - HHH000490: Using JtaPlatform implementation: [org.hibernate.engine.transaction.jta.platform.internal.NoJtaPlatform]
2023-juil.-25 12:33:19 PM ID: User: Method: Path: [restartedMain] INFO  o.s.o.j.LocalContainerEntityManagerFactoryBean - Initialized JPA EntityManagerFactory for persistence unit 'default'
2023-juil.-25 12:33:20 PM ID: User: Method: Path: [restartedMain] WARN  o.s.b.w.s.c.AnnotationConfigServletWebServerApplicationContext - Exception encountered during context initialization - cancelling refresh attempt: org.springframework.beans.factory.UnsatisfiedDependencyException: Error creating bean with name 'openAPIConfiguration': Unsatisfied dependency expressed through field 'buildProperties'; nested exception is org.springframework.beans.factory.NoSuchBeanDefinitionException: No qualifying bean of type 'org.springframework.boot.info.BuildProperties' available: expected at least 1 bean which qualifies as autowire candidate. Dependency annotations: {@org.springframework.beans.factory.annotation.Autowired(required=true)}
2023-juil.-25 12:33:20 PM ID: User: Method: Path: [restartedMain] INFO  o.s.o.j.LocalContainerEntityManagerFactoryBean - Closing JPA EntityManagerFactory for persistence unit 'default'
2023-juil.-25 12:33:20 PM ID: User: Method: Path: [restartedMain] INFO  com.zaxxer.hikari.HikariDataSource - HikariPool-1 - Shutdown initiated...
2023-juil.-25 12:33:20 PM ID: User: Method: Path: [restartedMain] INFO  com.zaxxer.hikari.HikariDataSource - HikariPool-1 - Shutdown completed.
2023-juil.-25 12:33:20 PM ID: User: Method: Path: [restartedMain] INFO  o.a.catalina.core.StandardService - Stopping service [Tomcat]
2023-juil.-25 12:33:21 PM ID: User: Method: Path: [restartedMain] INFO  o.s.b.a.l.ConditionEvaluationReportLoggingListener - 

Error starting ApplicationContext. To display the conditions report re-run your application with 'debug' enabled.
2023-juil.-25 12:33:21 PM ID: User: Method: Path: [restartedMain] ERROR o.s.b.d.LoggingFailureAnalysisReporter - 

***************************
APPLICATION FAILED TO START
***************************

Description:

Field buildProperties in fr.insee.survey.datacollectionmanagement.config.OpenAPIConfiguration required a bean of type 'org.springframework.boot.info.BuildProperties' that could not be found.

The injection point has the following annotations:
	- @org.springframework.beans.factory.annotation.Autowired(required=true)


Action:

Consider defining a bean of type 'org.springframework.boot.info.BuildProperties' in your configuration.

2023-juil.-25 12:41:30 PM ID: User: Method: Path: [restartedMain] INFO  f.i.s.d.DatacollectionManagementApplication - Starting DatacollectionManagementApplication using Java 17 on P100058596 with PID 15964 (C:\Users\EWSYP6\Documents\GitProjects\GitHub\Platine-Management-Back-Office\target\classes started by EWSYP6 in C:\Users\EWSYP6\Documents\GitProjects\GitHub\Platine-Management-Back-Office)
2023-juil.-25 12:41:30 PM ID: User: Method: Path: [restartedMain] INFO  f.i.s.d.DatacollectionManagementApplication - No active profile set, falling back to 1 default profile: "default"
2023-juil.-25 12:41:31 PM ID: User: Method: Path: [restartedMain] INFO  o.s.b.d.e.DevToolsPropertyDefaultsPostProcessor - Devtools property defaults active! Set 'spring.devtools.add-properties' to 'false' to disable
2023-juil.-25 12:41:31 PM ID: User: Method: Path: [restartedMain] INFO  o.s.b.d.e.DevToolsPropertyDefaultsPostProcessor - For additional web related logging consider setting the 'logging.level.web' property to 'DEBUG'
2023-juil.-25 12:41:38 PM ID: User: Method: Path: [restartedMain] INFO  o.s.d.r.c.RepositoryConfigurationDelegate - Bootstrapping Spring Data JPA repositories in DEFAULT mode.
2023-juil.-25 12:41:39 PM ID: User: Method: Path: [restartedMain] INFO  o.s.d.r.c.RepositoryConfigurationDelegate - Finished Spring Data repository scanning in 1000 ms. Found 23 JPA repository interfaces.
2023-juil.-25 12:41:43 PM ID: User: Method: Path: [restartedMain] INFO  o.s.b.w.e.tomcat.TomcatWebServer - Tomcat initialized with port(s): 8080 (http)
2023-juil.-25 12:41:43 PM ID: User: Method: Path: [restartedMain] INFO  o.a.catalina.core.StandardService - Starting service [Tomcat]
2023-juil.-25 12:41:43 PM ID: User: Method: Path: [restartedMain] INFO  o.a.catalina.core.StandardEngine - Starting Servlet engine: [Apache Tomcat/9.0.76]
2023-juil.-25 12:41:44 PM ID: User: Method: Path: [restartedMain] INFO  o.a.c.c.C.[Tomcat].[localhost].[/] - Initializing Spring embedded WebApplicationContext
2023-juil.-25 12:41:44 PM ID: User: Method: Path: [restartedMain] INFO  o.s.b.w.s.c.ServletWebServerApplicationContext - Root WebApplicationContext: initialization completed in 13382 ms
2023-juil.-25 12:41:48 PM ID: User: Method: Path: [restartedMain] INFO  o.h.jpa.internal.util.LogHelper - HHH000204: Processing PersistenceUnitInfo [name: default]
2023-juil.-25 12:41:49 PM ID: User: Method: Path: [restartedMain] INFO  org.hibernate.Version - HHH000412: Hibernate ORM core version 5.6.15.Final
2023-juil.-25 12:41:50 PM ID: User: Method: Path: [restartedMain] INFO  o.h.annotations.common.Version - HCANN000001: Hibernate Commons Annotations {5.1.2.Final}
2023-juil.-25 12:41:50 PM ID: User: Method: Path: [restartedMain] INFO  com.zaxxer.hikari.HikariDataSource - HikariPool-1 - Starting...
2023-juil.-25 12:41:52 PM ID: User: Method: Path: [restartedMain] INFO  com.zaxxer.hikari.HikariDataSource - HikariPool-1 - Start completed.
2023-juil.-25 12:41:52 PM ID: User: Method: Path: [restartedMain] INFO  org.hibernate.dialect.Dialect - HHH000400: Using dialect: org.hibernate.dialect.PostgreSQLDialect
2023-juil.-25 12:41:53 PM ID: User: Method: Path: [restartedMain] WARN  Hibernate Types - You should use Hypersistence Optimizer to speed up your Hibernate application!
2023-juil.-25 12:41:53 PM ID: User: Method: Path: [restartedMain] WARN  Hibernate Types - For more details, go to https://vladmihalcea.com/hypersistence-optimizer/
2023-juil.-25 12:41:53 PM ID: User: Method: Path: [restartedMain] INFO  Hibernate Types - 
 _    _                           _     _
| |  | |                         (_)   | |
| |__| |_   _ _ __   ___ _ __ ___ _ ___| |_ ___ _ __   ___ ___
|  __  | | | | '_ \ / _ \ '__/ __| / __| __/ _ \ '_ \ / __/ _ \
| |  | | |_| | |_) |  __/ |  \__ \ \__ \ ||  __/ | | | (_|  __/
|_|  |_|\__, | .__/ \___|_|  |___/_|___/\__\___|_| |_|\___\___|
         __/ | |
        |___/|_|

           ____        _   _           _
          / __ \      | | (_)         (_)
         | |  | |_ __ | |_ _ _ __ ___  _ _______ _ __
         | |  | | '_ \| __| | '_ ` _ \| |_  / _ \ '__|
         | |__| | |_) | |_| | | | | | | |/ /  __/ |
          \____/| .__/ \__|_|_| |_| |_|_/___\___|_|
                | |
                |_|

2023-juil.-25 12:41:53 PM ID: User: Method: Path: [restartedMain] INFO  Hibernate Types - Check out the README page for more info about the Hypersistence Optimizer banner https://github.com/vladmihalcea/hibernate-types#how-to-remove-the-hypersistence-optimizer-banner-from-the-log
2023-juil.-25 12:42:01 PM ID: User: Method: Path: [restartedMain] INFO  o.h.e.t.j.p.i.JtaPlatformInitiator - HHH000490: Using JtaPlatform implementation: [org.hibernate.engine.transaction.jta.platform.internal.NoJtaPlatform]
2023-juil.-25 12:42:01 PM ID: User: Method: Path: [restartedMain] INFO  o.s.o.j.LocalContainerEntityManagerFactoryBean - Initialized JPA EntityManagerFactory for persistence unit 'default'
2023-juil.-25 12:42:21 PM ID: User: Method: Path: [restartedMain] INFO  f.i.s.d.util.Dataloader - 9 orders in database
2023-juil.-25 12:42:22 PM ID: User: Method: Path: [restartedMain] WARN  o.s.b.a.o.j.JpaBaseConfiguration$JpaWebConfiguration - spring.jpa.open-in-view is enabled by default. Therefore, database queries may be performed during view rendering. Explicitly configure spring.jpa.open-in-view to disable this warning
2023-juil.-25 12:42:26 PM ID: User: Method: Path: [restartedMain] INFO  o.s.b.a.e.web.EndpointLinksResolver - Exposing 4 endpoint(s) beneath base path '/actuator'
2023-juil.-25 12:42:26 PM ID: User: Method: Path: [restartedMain] INFO  o.s.s.web.DefaultSecurityFilterChain - Will secure any request with [org.springframework.security.web.context.request.async.WebAsyncManagerIntegrationFilter@1fec5cc0, org.springframework.security.web.context.SecurityContextPersistenceFilter@4cf2d009, org.springframework.security.web.header.HeaderWriterFilter@9112850, org.springframework.web.filter.CorsFilter@3aab0f24, org.springframework.security.web.authentication.logout.LogoutFilter@48a7a598, org.springframework.security.web.savedrequest.RequestCacheAwareFilter@27a47ebd, org.springframework.security.web.servletapi.SecurityContextHolderAwareRequestFilter@3a2223a3, org.springframework.security.web.authentication.AnonymousAuthenticationFilter@72c34466, org.springframework.security.web.access.ExceptionTranslationFilter@20450655, org.springframework.security.web.access.intercept.FilterSecurityInterceptor@1ab7eaab]
2023-juil.-25 12:42:27 PM ID: User: Method: Path: [restartedMain] INFO  o.s.b.d.a.OptionalLiveReloadServer - LiveReload server is running on port 35729
2023-juil.-25 12:42:27 PM ID: User: Method: Path: [restartedMain] INFO  o.s.b.w.e.tomcat.TomcatWebServer - Tomcat started on port(s): 8080 (http) with context path ''
2023-juil.-25 12:42:27 PM ID: User: Method: Path: [restartedMain] INFO  f.i.s.d.config.PropertyLogger - ================================ Properties ================================
2023-juil.-25 12:42:27 PM ID: User: Method: Path: [restartedMain] INFO  f.i.s.d.config.PropertyLogger - fr.insee.datacollectionmanagement.api.questioning.url: http://localhost:8081
2023-juil.-25 12:42:27 PM ID: User: Method: Path: [restartedMain] INFO  f.i.s.d.config.PropertyLogger - fr.insee.datacollectionmanagement.auth.mode: noauth
2023-juil.-25 12:42:27 PM ID: User: Method: Path: [restartedMain] INFO  f.i.s.d.config.PropertyLogger - fr.insee.datacollectionmanagement.auth.realm: myRealm
2023-juil.-25 12:42:27 PM ID: User: Method: Path: [restartedMain] INFO  f.i.s.d.config.PropertyLogger - fr.insee.datacollectionmanagement.auth.server-url: http://localhost:8180/auth
2023-juil.-25 12:42:27 PM ID: User: Method: Path: [restartedMain] INFO  f.i.s.d.config.PropertyLogger - fr.insee.datacollectionmanagement.cors.allowedOrigin: *
2023-juil.-25 12:42:27 PM ID: User: Method: Path: [restartedMain] INFO  f.i.s.d.config.PropertyLogger - fr.insee.datacollectionmanagement.roles.admin.role: admin
2023-juil.-25 12:42:27 PM ID: User: Method: Path: [restartedMain] INFO  f.i.s.d.config.PropertyLogger - fr.insee.datacollectionmanagement.roles.internal.user.role: internalUser
2023-juil.-25 12:42:27 PM ID: User: Method: Path: [restartedMain] INFO  f.i.s.d.config.PropertyLogger - fr.insee.datacollectionmanagement.roles.respondent.role: respondent
2023-juil.-25 12:42:27 PM ID: User: Method: Path: [restartedMain] INFO  f.i.s.d.config.PropertyLogger - fr.insee.datacollectionmanagement.roles.webclient.role: webclient
2023-juil.-25 12:42:27 PM ID: User: Method: Path: [restartedMain] INFO  f.i.s.d.config.PropertyLogger - jwt.id-claim: preferred_username
2023-juil.-25 12:42:27 PM ID: User: Method: Path: [restartedMain] INFO  f.i.s.d.config.PropertyLogger - jwt.role-claim: myRoleClaim
2023-juil.-25 12:42:27 PM ID: User: Method: Path: [restartedMain] INFO  f.i.s.d.config.PropertyLogger - logging.file.clean-history-on-start: true
2023-juil.-25 12:42:27 PM ID: User: Method: Path: [restartedMain] INFO  f.i.s.d.config.PropertyLogger - logging.file.max-history: 1460
2023-juil.-25 12:42:27 PM ID: User: Method: Path: [restartedMain] INFO  f.i.s.d.config.PropertyLogger - logging.file.max-size: 10MB
2023-juil.-25 12:42:27 PM ID: User: Method: Path: [restartedMain] INFO  f.i.s.d.config.PropertyLogger - logging.file.name: sicpilbo.log
2023-juil.-25 12:42:27 PM ID: User: Method: Path: [restartedMain] INFO  f.i.s.d.config.PropertyLogger - logging.file.total-size-cap: 500MB
2023-juil.-25 12:42:27 PM ID: User: Method: Path: [restartedMain] INFO  f.i.s.d.config.PropertyLogger - logging.level.root: INFO
2023-juil.-25 12:42:27 PM ID: User: Method: Path: [restartedMain] INFO  f.i.s.d.config.PropertyLogger - logging.pattern.console: %d{yyyy-MMM-dd HH:mm:ss a} ID:%X{id} %blue(User:%X{user}) %yellow(Method:%X{method}) %green(Path:%X{path}) [%t] %clr(%-5level) %logger{36} - %msg%n
2023-juil.-25 12:42:27 PM ID: User: Method: Path: [restartedMain] INFO  f.i.s.d.config.PropertyLogger - logging.pattern.file: %d{yyyy-MMM-dd HH:mm:ss a} ID:%X{id} User:%X{user} Method:%X{method} Path:%X{path} [%t] %-5level %logger{36} - %msg%n
2023-juil.-25 12:42:27 PM ID: User: Method: Path: [restartedMain] INFO  f.i.s.d.config.PropertyLogger - spring.application.name: datacollection-management-api
2023-juil.-25 12:42:27 PM ID: User: Method: Path: [restartedMain] INFO  f.i.s.d.config.PropertyLogger - spring.beaninfo.ignore: true
2023-juil.-25 12:42:27 PM ID: User: Method: Path: [restartedMain] INFO  f.i.s.d.config.PropertyLogger - spring.datasource.driverClassName: org.postgresql.Driver
2023-juil.-25 12:42:27 PM ID: User: Method: Path: [restartedMain] INFO  f.i.s.d.config.PropertyLogger - spring.datasource.hikari.maximum-pool-size: 16
2023-juil.-25 12:42:27 PM ID: User: Method: Path: [restartedMain] INFO  f.i.s.d.config.PropertyLogger - spring.datasource.hikari.minimum-idle: 16
2023-juil.-25 12:42:27 PM ID: User: Method: Path: [restartedMain] INFO  f.i.s.d.config.PropertyLogger - spring.datasource.url: jdbc:postgresql://dvsicpilbolg001:1983/di_pg_sicpilbo_dv01
2023-juil.-25 12:42:27 PM ID: User: Method: Path: [restartedMain] INFO  f.i.s.d.config.PropertyLogger - spring.datasource.username: user_sicpilbo
2023-juil.-25 12:42:27 PM ID: User: Method: Path: [restartedMain] INFO  f.i.s.d.config.PropertyLogger - spring.freemarker.cache: false
2023-juil.-25 12:42:27 PM ID: User: Method: Path: [restartedMain] INFO  f.i.s.d.config.PropertyLogger - spring.graphql.graphiql.enabled: true
2023-juil.-25 12:42:27 PM ID: User: Method: Path: [restartedMain] INFO  f.i.s.d.config.PropertyLogger - spring.groovy.template.cache: false
2023-juil.-25 12:42:27 PM ID: User: Method: Path: [restartedMain] INFO  f.i.s.d.config.PropertyLogger - spring.h2.console.enabled: true
2023-juil.-25 12:42:27 PM ID: User: Method: Path: [restartedMain] INFO  f.i.s.d.config.PropertyLogger - spring.jpa.database-platform: org.hibernate.dialect.PostgreSQLDialect
2023-juil.-25 12:42:27 PM ID: User: Method: Path: [restartedMain] INFO  f.i.s.d.config.PropertyLogger - spring.jpa.hibernate.ddl-auto: update
2023-juil.-25 12:42:27 PM ID: User: Method: Path: [restartedMain] INFO  f.i.s.d.config.PropertyLogger - spring.jpa.properties.hibernate.jdbc.batch_size: 100
2023-juil.-25 12:42:27 PM ID: User: Method: Path: [restartedMain] INFO  f.i.s.d.config.PropertyLogger - spring.jpa.properties.hibernate.order_inserts: true
2023-juil.-25 12:42:27 PM ID: User: Method: Path: [restartedMain] INFO  f.i.s.d.config.PropertyLogger - spring.mustache.servlet.cache: false
2023-juil.-25 12:42:28 PM ID: User: Method: Path: [restartedMain] INFO  f.i.s.d.config.PropertyLogger - spring.mvc.log-resolved-exception: true
2023-juil.-25 12:42:28 PM ID: User: Method: Path: [restartedMain] INFO  f.i.s.d.config.PropertyLogger - spring.output.ansi.enabled: always
2023-juil.-25 12:42:28 PM ID: User: Method: Path: [restartedMain] INFO  f.i.s.d.config.PropertyLogger - spring.reactor.netty.shutdown-quiet-period: 0s
2023-juil.-25 12:42:28 PM ID: User: Method: Path: [restartedMain] INFO  f.i.s.d.config.PropertyLogger - spring.security.oauth2.resourceserver.jwt.issuer-uri: http://localhost:8180/auth/realms/myRealm
2023-juil.-25 12:42:28 PM ID: User: Method: Path: [restartedMain] INFO  f.i.s.d.config.PropertyLogger - spring.template.provider.cache: false
2023-juil.-25 12:42:28 PM ID: User: Method: Path: [restartedMain] INFO  f.i.s.d.config.PropertyLogger - spring.thymeleaf.cache: false
2023-juil.-25 12:42:28 PM ID: User: Method: Path: [restartedMain] INFO  f.i.s.d.config.PropertyLogger - spring.web.resources.cache.period: 0
2023-juil.-25 12:42:28 PM ID: User: Method: Path: [restartedMain] INFO  f.i.s.d.config.PropertyLogger - spring.web.resources.chain.cache: false
2023-juil.-25 12:42:28 PM ID: User: Method: Path: [restartedMain] INFO  f.i.s.d.config.PropertyLogger - springdoc.pathsToMatch: /**
2023-juil.-25 12:42:28 PM ID: User: Method: Path: [restartedMain] INFO  f.i.s.d.config.PropertyLogger - springdoc.swagger-ui.enabled: true
2023-juil.-25 12:42:28 PM ID: User: Method: Path: [restartedMain] INFO  f.i.s.d.config.PropertyLogger - springdoc.swagger-ui.oauth.additionalQueryStringParams.kc_idp_hint: sso-insee
2023-juil.-25 12:42:28 PM ID: User: Method: Path: [restartedMain] INFO  f.i.s.d.config.PropertyLogger - springdoc.swagger-ui.oauth.client-id: myClient
2023-juil.-25 12:42:28 PM ID: User: Method: Path: [restartedMain] INFO  f.i.s.d.config.PropertyLogger - springdoc.swagger-ui.oauth2RedirectUrl: /swagger-ui/oauth2-redirect.html
2023-juil.-25 12:42:28 PM ID: User: Method: Path: [restartedMain] INFO  f.i.s.d.config.PropertyLogger - springdoc.swagger-ui.operations-sorter: alpha
2023-juil.-25 12:42:28 PM ID: User: Method: Path: [restartedMain] INFO  f.i.s.d.config.PropertyLogger - springdoc.swagger-ui.path: /
2023-juil.-25 12:42:28 PM ID: User: Method: Path: [restartedMain] INFO  f.i.s.d.config.PropertyLogger - springdoc.swagger-ui.tagsSorter: alpha
2023-juil.-25 12:42:28 PM ID: User: Method: Path: [restartedMain] INFO  f.i.s.d.config.PropertyLogger - ===========================================================================
2023-juil.-25 12:42:28 PM ID: User: Method: Path: [restartedMain] INFO  f.i.s.d.DatacollectionManagementApplication - Started DatacollectionManagementApplication in 59.151 seconds (JVM running for 62.58)
2023-juil.-25 12:42:38 PM ID: User: Method: Path: [http-nio-8080-exec-3] INFO  o.a.c.c.C.[Tomcat].[localhost].[/] - Initializing Spring DispatcherServlet 'dispatcherServlet'
2023-juil.-25 12:42:38 PM ID: User: Method: Path: [http-nio-8080-exec-3] INFO  o.s.web.servlet.DispatcherServlet - Initializing Servlet 'dispatcherServlet'
2023-juil.-25 12:42:38 PM ID: User: Method: Path: [http-nio-8080-exec-3] INFO  o.s.web.servlet.DispatcherServlet - Completed initialization in 5 ms
2023-juil.-25 12:42:38 PM ID:9c49120c-cffb-4796-adae-87da0cb88e8b User: Method:GET Path:/swagger-ui/index.html [http-nio-8080-exec-3] INFO  f.i.s.d.config.LogInterceptor - [GUEST] - [GET] - [/swagger-ui/index.html]
2023-juil.-25 12:42:39 PM ID:e5f1a00d-5c18-404b-8b0a-b653071d3abc User: Method:GET Path:/swagger-ui/swagger-ui.css [http-nio-8080-exec-4] INFO  f.i.s.d.config.LogInterceptor - [GUEST] - [GET] - [/swagger-ui/swagger-ui.css]
2023-juil.-25 12:42:39 PM ID:341f3cbf-1c7c-45bc-a744-dd7867469209 User: Method:GET Path:/swagger-ui/index.css [http-nio-8080-exec-7] INFO  f.i.s.d.config.LogInterceptor - [GUEST] - [GET] - [/swagger-ui/index.css]
2023-juil.-25 12:42:39 PM ID:c7041f7d-64e7-4e8c-9e5b-d5c36843b8d1 User: Method:GET Path:/swagger-ui/swagger-ui-bundle.js [http-nio-8080-exec-8] INFO  f.i.s.d.config.LogInterceptor - [GUEST] - [GET] - [/swagger-ui/swagger-ui-bundle.js]
2023-juil.-25 12:42:39 PM ID:66623a20-baa7-4581-b9eb-7c6ac0744698 User: Method:GET Path:/swagger-ui/swagger-ui-standalone-preset.js [http-nio-8080-exec-1] INFO  f.i.s.d.config.LogInterceptor - [GUEST] - [GET] - [/swagger-ui/swagger-ui-standalone-preset.js]
2023-juil.-25 12:42:39 PM ID:1290b908-1604-437f-bbeb-5330c0234fc4 User: Method:GET Path:/swagger-ui/swagger-initializer.js [http-nio-8080-exec-2] INFO  f.i.s.d.config.LogInterceptor - [GUEST] - [GET] - [/swagger-ui/swagger-initializer.js]
2023-juil.-25 12:42:40 PM ID:ea6213fb-0c3f-41dd-b35c-0b60e1cd939f User: Method:GET Path:/swagger-ui/favicon-32x32.png [http-nio-8080-exec-5] INFO  f.i.s.d.config.LogInterceptor - [GUEST] - [GET] - [/swagger-ui/favicon-32x32.png]
2023-juil.-25 12:42:40 PM ID:3f2159f4-6b0a-4471-ab57-167500210792 User: Method:GET Path:/v3/api-docs/swagger-config [http-nio-8080-exec-6] INFO  f.i.s.d.config.LogInterceptor - [GUEST] - [GET] - [/v3/api-docs/swagger-config]
2023-juil.-25 12:42:41 PM ID:e03c4e1e-1a25-433e-b3ac-7a0c1e4a0975 User: Method:GET Path:/v3/api-docs [http-nio-8080-exec-9] INFO  f.i.s.d.config.LogInterceptor - [GUEST] - [GET] - [/v3/api-docs]
2023-juil.-25 12:42:52 PM ID:e03c4e1e-1a25-433e-b3ac-7a0c1e4a0975 User: Method:GET Path:/v3/api-docs [http-nio-8080-exec-9] INFO  o.s.api.AbstractOpenApiResource - Init duration for springdoc-openapi is: 10705 ms
2023-juil.-25 12:43:02 PM ID:8b54590f-0001-4cdc-8f7e-3cee2867e920 User: Method:GET Path:/api/contacts [http-nio-8080-exec-10] INFO  f.i.s.d.config.LogInterceptor - [GUEST] - [GET] - [/api/contacts]
2023-juil.-25 12:43:02 PM ID:8b54590f-0001-4cdc-8f7e-3cee2867e920 User: Method:GET Path:/api/contacts [http-nio-8080-exec-10] INFO  f.i.s.d.c.a.u.AuthorizeMethodDecider - role :admin has been found
